<?xml version="1.0" encoding="UTF-8"?>
<!-- Generated by org.testng.reporters.JUnitReportReporter -->
<testsuite skipped="0" hostname="BDC8-LX-47G9VN2" name="testNGSessions.TestNGBasics" tests="2" failures="0" timestamp="05 Jan 2020 15:15:40 GMT" time="0.011" errors="0">
  <testcase name="titleTest" time="0.007" classname="testNGSessions.TestNGBasics"/>
  <testcase name="linkTest" time="0.004" classname="testNGSessions.TestNGBasics"/>
</testsuite> <!-- testNGSessions.TestNGBasics -->
