<?xml version="1.0" encoding="UTF-8"?>
<!-- Generated by org.testng.reporters.JUnitReportReporter -->
<testsuite skipped="0" hostname="BDC8-LX-47G9VN2" name="testNGSessions.TestNGFeatures" tests="2" failures="0" timestamp="05 Jan 2020 15:23:54 GMT" time="0.008" errors="0">
  <testcase name="registrationPageTest" time="0.005" classname="testNGSessions.TestNGFeatures"/>
  <testcase name="test1" time="0.003" classname="testNGSessions.TestNGFeatures"/>
</testsuite> <!-- testNGSessions.TestNGFeatures -->
