<?xml version="1.0" encoding="UTF-8"?>
<!-- Generated by org.testng.reporters.JUnitReportReporter -->
<testsuite skipped="0" hostname="BDC8-LX-47G9VN2" name="com.datadriven.test.DataProviderConcept" tests="4" failures="0" timestamp="10 Jan 2020 07:09:48 GMT" time="81.884" errors="0">
  <testcase name="launchRegPage" time="27.435" classname="com.datadriven.test.DataProviderConcept"/>
  <testcase name="launchRegPage" time="17.668" classname="com.datadriven.test.DataProviderConcept"/>
  <testcase name="launchRegPage" time="17.950" classname="com.datadriven.test.DataProviderConcept"/>
  <testcase name="launchRegPage" time="18.831" classname="com.datadriven.test.DataProviderConcept"/>
</testsuite> <!-- com.datadriven.test.DataProviderConcept -->
